<?xml version="1.0" encoding="UTF-8"?>
<!-- Generated by org.testng.reporters.JUnitReportReporter -->
<testsuite hostname="Ramakrishna-PC" failures="0" tests="1" name="cucumber.TestNgTestRunner" time="6.347" errors="0" timestamp="2024-09-17T13:49:51 IST" skipped="0">
  <testcase classname="cucumber.TestNgTestRunner" name="runScenario" time="6.347"/>
  <system-out/>
</testsuite> <!-- cucumber.TestNgTestRunner -->
