<?xml version="1.0" encoding="UTF-8"?>
<!-- Generated by org.testng.reporters.JUnitReportReporter -->
<testsuite hostname="Ramakrishna-PC" failures="0" tests="2" name="rahulshettyacademy.tests.SubmitOrderTest" time="15.122" errors="0" timestamp="2024-09-17T00:08:03 IST" skipped="0">
  <testcase classname="rahulshettyacademy.tests.SubmitOrderTest" name="submitOrder" time="7.496"/>
  <testcase classname="rahulshettyacademy.tests.SubmitOrderTest" name="submitOrder" time="7.626"/>
</testsuite> <!-- rahulshettyacademy.tests.SubmitOrderTest -->
