<?xml version="1.0" encoding="UTF-8"?>
<!-- Generated by org.testng.reporters.JUnitReportReporter -->
<testsuite hostname="Ramakrishna-PC" failures="0" tests="1" name="rahulshettyacademy.tests.ErrorValidationsTest" time="17.384" errors="0" timestamp="2024-09-17T11:47:53 IST" skipped="0">
  <testcase classname="rahulshettyacademy.tests.ErrorValidationsTest" name="loginErrorValidation" time="17.384"/>
</testsuite> <!-- rahulshettyacademy.tests.ErrorValidationsTest -->
